# JRE version: Java(TM) SE Runtime Environment (8.0_144-b01) (build 1.8.0_144-b01)
# Java VM: Java HotSpot(TM) 64-Bit Server VM (25.144-b01 mixed mode windows-amd64 compressed oops)
Heap:
 PSYoungGen      total 112128K, used 50029K [0x00000000d7180000, 0x00000000deb00000, 0x0000000100000000)
  eden space 102912K, 39% used [0x00000000d7180000,0x00000000d995fff0,0x00000000dd600000)
  from space 9216K, 99% used [0x00000000de180000,0x00000000dea7b628,0x00000000dea80000)
  to   space 10752K, 0% used [0x00000000dd600000,0x00000000dd600000,0x00000000de080000)
 ParOldGen       total 52224K, used 13208K [0x0000000085400000, 0x0000000088700000, 0x00000000d7180000)
  object space 52224K, 25% used [0x0000000085400000,0x00000000860e63a0,0x0000000088700000)
 Metaspace       used 32030K, capacity 34040K, committed 34048K, reserved 1079296K
  class space    used 4246K, capacity 4607K, committed 4608K, reserved 1048576K
GC Heap History (10 events):
Event: 3.354 GC heap before
{Heap before GC invocations=5 (full 0):
 PSYoungGen      total 68608K, used 39726K [0x00000000d7180000, 0x00000000db980000, 0x0000000100000000)
  eden space 63488K, 54% used [0x00000000d7180000,0x00000000d934c858,0x00000000daf80000)
  from space 5120K, 99% used [0x00000000db480000,0x00000000db97f2c0,0x00000000db980000)
  to   space 5120K, 0% used [0x00000000daf80000,0x00000000daf80000,0x00000000db480000)
 ParOldGen       total 84992K, used 2166K [0x0000000085400000, 0x000000008a700000, 0x00000000d7180000)
  object space 84992K, 2% used [0x0000000085400000,0x000000008561d9f0,0x000000008a700000)
 Metaspace       used 20427K, capacity 21200K, committed 21296K, reserved 1067008K
  class space    used 2716K, capacity 2895K, committed 2944K, reserved 1048576K
Event: 3.368 GC heap after
Heap after GC invocations=5 (full 0):
 PSYoungGen      total 68608K, used 5106K [0x00000000d7180000, 0x00000000db980000, 0x0000000100000000)
  eden space 63488K, 0% used [0x00000000d7180000,0x00000000d7180000,0x00000000daf80000)
  from space 5120K, 99% used [0x00000000daf80000,0x00000000db47c998,0x00000000db480000)
  to   space 5120K, 0% used [0x00000000db480000,0x00000000db480000,0x00000000db980000)
 ParOldGen       total 84992K, used 4614K [0x0000000085400000, 0x000000008a700000, 0x00000000d7180000)
  object space 84992K, 5% used [0x0000000085400000,0x0000000085881820,0x000000008a700000)
 Metaspace       used 20427K, capacity 21200K, committed 21296K, reserved 1067008K
  class space    used 2716K, capacity 2895K, committed 2944K, reserved 1048576K
}
Event: 3.368 GC heap before
{Heap before GC invocations=6 (full 1):
 PSYoungGen      total 68608K, used 5106K [0x00000000d7180000, 0x00000000db980000, 0x0000000100000000)
  eden space 63488K, 0% used [0x00000000d7180000,0x00000000d7180000,0x00000000daf80000)
  from space 5120K, 99% used [0x00000000daf80000,0x00000000db47c998,0x00000000db480000)
  to   space 5120K, 0% used [0x00000000db480000,0x00000000db480000,0x00000000db980000)
 ParOldGen       total 84992K, used 4614K [0x0000000085400000, 0x000000008a700000, 0x00000000d7180000)
  object space 84992K, 5% used [0x0000000085400000,0x0000000085881820,0x000000008a700000)
 Metaspace       used 20427K, capacity 21200K, committed 21296K, reserved 1067008K
  class space    used 2716K, capacity 2895K, committed 2944K, reserved 1048576K
Event: 3.412 GC heap after
Heap after GC invocations=6 (full 1):
 PSYoungGen      total 68608K, used 0K [0x00000000d7180000, 0x00000000db980000, 0x0000000100000000)
  eden space 63488K, 0% used [0x00000000d7180000,0x00000000d7180000,0x00000000daf80000)
  from space 5120K, 0% used [0x00000000daf80000,0x00000000daf80000,0x00000000db480000)
  to   space 5120K, 0% used [0x00000000db480000,0x00000000db480000,0x00000000db980000)
 ParOldGen       total 52224K, used 7400K [0x0000000085400000, 0x0000000088700000, 0x00000000d7180000)
  object space 52224K, 14% used [0x0000000085400000,0x0000000085b3a2a0,0x0000000088700000)
 Metaspace       used 20427K, capacity 21200K, committed 21296K, reserved 1067008K
  class space    used 2716K, capacity 2895K, committed 2944K, reserved 1048576K
}
Event: 4.674 GC heap before
{Heap before GC invocations=7 (full 1):
 PSYoungGen      total 68608K, used 63488K [0x00000000d7180000, 0x00000000db980000, 0x0000000100000000)
  eden space 63488K, 100% used [0x00000000d7180000,0x00000000daf80000,0x00000000daf80000)
  from space 5120K, 0% used [0x00000000daf80000,0x00000000daf80000,0x00000000db480000)
  to   space 5120K, 0% used [0x00000000db480000,0x00000000db480000,0x00000000db980000)
 ParOldGen       total 52224K, used 7400K [0x0000000085400000, 0x0000000088700000, 0x00000000d7180000)
  object space 52224K, 14% used [0x0000000085400000,0x0000000085b3a2a0,0x0000000088700000)
 Metaspace       used 25802K, capacity 26828K, committed 27008K, reserved 1073152K
  class space    used 3375K, capacity 3589K, committed 3712K, reserved 1048576K
Event: 4.685 GC heap after
Heap after GC invocations=7 (full 1):
 PSYoungGen      total 68608K, used 5114K [0x00000000d7180000, 0x00000000db980000, 0x0000000100000000)
  eden space 63488K, 0% used [0x00000000d7180000,0x00000000d7180000,0x00000000daf80000)
  from space 5120K, 99% used [0x00000000db480000,0x00000000db97e838,0x00000000db980000)
  to   space 5120K, 0% used [0x00000000daf80000,0x00000000daf80000,0x00000000db480000)
 ParOldGen       total 52224K, used 10564K [0x0000000085400000, 0x0000000088700000, 0x00000000d7180000)
  object space 52224K, 20% used [0x0000000085400000,0x0000000085e51070,0x0000000088700000)
 Metaspace       used 25802K, capacity 26828K, committed 27008K, reserved 1073152K
  class space    used 3375K, capacity 3589K, committed 3712K, reserved 1048576K
}
Event: 5.861 GC heap before
{Heap before GC invocations=8 (full 1):
 PSYoungGen      total 68608K, used 68602K [0x00000000d7180000, 0x00000000db980000, 0x0000000100000000)
  eden space 63488K, 100% used [0x00000000d7180000,0x00000000daf80000,0x00000000daf80000)
  from space 5120K, 99% used [0x00000000db480000,0x00000000db97e838,0x00000000db980000)
  to   space 5120K, 0% used [0x00000000daf80000,0x00000000daf80000,0x00000000db480000)
 ParOldGen       total 52224K, used 10564K [0x0000000085400000, 0x0000000088700000, 0x00000000d7180000)
  object space 52224K, 20% used [0x0000000085400000,0x0000000085e51070,0x0000000088700000)
 Metaspace       used 29166K, capacity 30710K, committed 30848K, reserved 1075200K
  class space    used 3838K, capacity 4128K, committed 4224K, reserved 1048576K
Event: 5.893 GC heap after
Heap after GC invocations=8 (full 1):
 PSYoungGen      total 68608K, used 5108K [0x00000000d7180000, 0x00000000dea80000, 0x0000000100000000)
  eden space 63488K, 0% used [0x00000000d7180000,0x00000000d7180000,0x00000000daf80000)
  from space 5120K, 99% used [0x00000000daf80000,0x00000000db47d030,0x00000000db480000)
  to   space 9216K, 0% used [0x00000000de180000,0x00000000de180000,0x00000000dea80000)
 ParOldGen       total 52224K, used 12708K [0x0000000085400000, 0x0000000088700000, 0x00000000d7180000)
  object space 52224K, 24% used [0x0000000085400000,0x0000000086069170,0x0000000088700000)
 Metaspace       used 29166K, capacity 30710K, committed 30848K, reserved 1075200K
  class space    used 3838K, capacity 4128K, committed 4224K, reserved 1048576K
}
Event: 7.217 GC heap before
{Heap before GC invocations=9 (full 1):
 PSYoungGen      total 68608K, used 68596K [0x00000000d7180000, 0x00000000dea80000, 0x0000000100000000)
  eden space 63488K, 100% used [0x00000000d7180000,0x00000000daf80000,0x00000000daf80000)
  from space 5120K, 99% used [0x00000000daf80000,0x00000000db47d030,0x00000000db480000)
  to   space 9216K, 0% used [0x00000000de180000,0x00000000de180000,0x00000000dea80000)
 ParOldGen       total 52224K, used 12708K [0x0000000085400000, 0x0000000088700000, 0x00000000d7180000)
  object space 52224K, 24% used [0x0000000085400000,0x0000000086069170,0x0000000088700000)
 Metaspace       used 30980K, capacity 32814K, committed 32896K, reserved 1077248K
  class space    used 4079K, capacity 4432K, committed 4480K, reserved 1048576K
Event: 7.231 GC heap after
Heap after GC invocations=9 (full 1):
 PSYoungGen      total 112128K, used 9197K [0x00000000d7180000, 0x00000000deb00000, 0x0000000100000000)
  eden space 102912K, 0% used [0x00000000d7180000,0x00000000d7180000,0x00000000dd600000)
  from space 9216K, 99% used [0x00000000de180000,0x00000000dea7b628,0x00000000dea80000)
  to   space 10752K, 0% used [0x00000000dd600000,0x00000000dd600000,0x00000000de080000)
 ParOldGen       total 52224K, used 13208K [0x0000000085400000, 0x0000000088700000, 0x00000000d7180000)
  object space 52224K, 25% used [0x0000000085400000,0x00000000860e63a0,0x0000000088700000)
 Metaspace       used 30980K, capacity 32814K, committed 32896K, reserved 1077248K
  class space    used 4079K, capacity 4432K, committed 4480K, reserved 1048576K
}

